Determining if the pthread_create exist failed with the following output:
Change Dir: /home/odroid/projects/nevangeliou_GapterUAV/build/rhombi_markers/CMakeFiles/CMakeTmp

Run Build Command:"/usr/bin/make" "cmTC_503d2/fast"
/usr/bin/make -f CMakeFiles/cmTC_503d2.dir/build.make CMakeFiles/cmTC_503d2.dir/build
make[1]: Entering directory '/home/odroid/projects/nevangeliou_GapterUAV/build/rhombi_markers/CMakeFiles/CMakeTmp'
Building C object CMakeFiles/cmTC_503d2.dir/CheckSymbolExists.c.o
/usr/bin/cc    -o CMakeFiles/cmTC_503d2.dir/CheckSymbolExists.c.o   -c /home/odroid/projects/nevangeliou_GapterUAV/build/rhombi_markers/CMakeFiles/CMakeTmp/CheckSymbolExists.c
Linking C executable cmTC_503d2
/usr/bin/cmake -E cmake_link_script CMakeFiles/cmTC_503d2.dir/link.txt --verbose=1
/usr/bin/cc      -rdynamic CMakeFiles/cmTC_503d2.dir/CheckSymbolExists.c.o  -o cmTC_503d2 
CMakeFiles/cmTC_503d2.dir/CheckSymbolExists.c.o: In function `main':
CheckSymbolExists.c:(.text+0x2c): undefined reference to `pthread_create'
collect2: error: ld returned 1 exit status
CMakeFiles/cmTC_503d2.dir/build.make:97: recipe for target 'cmTC_503d2' failed
make[1]: *** [cmTC_503d2] Error 1
make[1]: Leaving directory '/home/odroid/projects/nevangeliou_GapterUAV/build/rhombi_markers/CMakeFiles/CMakeTmp'
Makefile:126: recipe for target 'cmTC_503d2/fast' failed
make: *** [cmTC_503d2/fast] Error 2

File /home/odroid/projects/nevangeliou_GapterUAV/build/rhombi_markers/CMakeFiles/CMakeTmp/CheckSymbolExists.c:
/* */
#include <pthread.h>

int main(int argc, char** argv)
{
  (void)argv;
#ifndef pthread_create
  return ((int*)(&pthread_create))[argc];
#else
  (void)argc;
  return 0;
#endif
}

Determining if the function pthread_create exists in the pthreads failed with the following output:
Change Dir: /home/odroid/projects/nevangeliou_GapterUAV/build/rhombi_markers/CMakeFiles/CMakeTmp

Run Build Command:"/usr/bin/make" "cmTC_89933/fast"
/usr/bin/make -f CMakeFiles/cmTC_89933.dir/build.make CMakeFiles/cmTC_89933.dir/build
make[1]: Entering directory '/home/odroid/projects/nevangeliou_GapterUAV/build/rhombi_markers/CMakeFiles/CMakeTmp'
Building C object CMakeFiles/cmTC_89933.dir/CheckFunctionExists.c.o
/usr/bin/cc   -DCHECK_FUNCTION_EXISTS=pthread_create   -o CMakeFiles/cmTC_89933.dir/CheckFunctionExists.c.o   -c /usr/share/cmake-3.10/Modules/CheckFunctionExists.c
Linking C executable cmTC_89933
/usr/bin/cmake -E cmake_link_script CMakeFiles/cmTC_89933.dir/link.txt --verbose=1
/usr/bin/cc  -DCHECK_FUNCTION_EXISTS=pthread_create    -rdynamic CMakeFiles/cmTC_89933.dir/CheckFunctionExists.c.o  -o cmTC_89933 -lpthreads 
/usr/bin/ld: cannot find -lpthreads
collect2: error: ld returned 1 exit status
CMakeFiles/cmTC_89933.dir/build.make:97: recipe for target 'cmTC_89933' failed
make[1]: *** [cmTC_89933] Error 1
make[1]: Leaving directory '/home/odroid/projects/nevangeliou_GapterUAV/build/rhombi_markers/CMakeFiles/CMakeTmp'
Makefile:126: recipe for target 'cmTC_89933/fast' failed
make: *** [cmTC_89933/fast] Error 2


