Determining if the pthread_create exist failed with the following output:
Change Dir: /home/odroid/projects/nevangeliou_GapterUAV/build/CMakeFiles/CMakeTmp

Run Build Command:"/usr/bin/make" "cmTC_5959c/fast"
/usr/bin/make -f CMakeFiles/cmTC_5959c.dir/build.make CMakeFiles/cmTC_5959c.dir/build
make[1]: Entering directory '/home/odroid/projects/nevangeliou_GapterUAV/build/CMakeFiles/CMakeTmp'
Building C object CMakeFiles/cmTC_5959c.dir/CheckSymbolExists.c.o
/usr/bin/cc    -o CMakeFiles/cmTC_5959c.dir/CheckSymbolExists.c.o   -c /home/odroid/projects/nevangeliou_GapterUAV/build/CMakeFiles/CMakeTmp/CheckSymbolExists.c
Linking C executable cmTC_5959c
/usr/bin/cmake -E cmake_link_script CMakeFiles/cmTC_5959c.dir/link.txt --verbose=1
/usr/bin/cc      -rdynamic CMakeFiles/cmTC_5959c.dir/CheckSymbolExists.c.o  -o cmTC_5959c 
CMakeFiles/cmTC_5959c.dir/CheckSymbolExists.c.o: In function `main':
CheckSymbolExists.c:(.text+0x2c): undefined reference to `pthread_create'
collect2: error: ld returned 1 exit status
CMakeFiles/cmTC_5959c.dir/build.make:97: recipe for target 'cmTC_5959c' failed
make[1]: *** [cmTC_5959c] Error 1
make[1]: Leaving directory '/home/odroid/projects/nevangeliou_GapterUAV/build/CMakeFiles/CMakeTmp'
Makefile:126: recipe for target 'cmTC_5959c/fast' failed
make: *** [cmTC_5959c/fast] Error 2

File /home/odroid/projects/nevangeliou_GapterUAV/build/CMakeFiles/CMakeTmp/CheckSymbolExists.c:
/* */
#include <pthread.h>

int main(int argc, char** argv)
{
  (void)argv;
#ifndef pthread_create
  return ((int*)(&pthread_create))[argc];
#else
  (void)argc;
  return 0;
#endif
}

Determining if the function pthread_create exists in the pthreads failed with the following output:
Change Dir: /home/odroid/projects/nevangeliou_GapterUAV/build/CMakeFiles/CMakeTmp

Run Build Command:"/usr/bin/make" "cmTC_2560b/fast"
/usr/bin/make -f CMakeFiles/cmTC_2560b.dir/build.make CMakeFiles/cmTC_2560b.dir/build
make[1]: Entering directory '/home/odroid/projects/nevangeliou_GapterUAV/build/CMakeFiles/CMakeTmp'
Building C object CMakeFiles/cmTC_2560b.dir/CheckFunctionExists.c.o
/usr/bin/cc   -DCHECK_FUNCTION_EXISTS=pthread_create   -o CMakeFiles/cmTC_2560b.dir/CheckFunctionExists.c.o   -c /usr/share/cmake-3.10/Modules/CheckFunctionExists.c
Linking C executable cmTC_2560b
/usr/bin/cmake -E cmake_link_script CMakeFiles/cmTC_2560b.dir/link.txt --verbose=1
/usr/bin/cc  -DCHECK_FUNCTION_EXISTS=pthread_create    -rdynamic CMakeFiles/cmTC_2560b.dir/CheckFunctionExists.c.o  -o cmTC_2560b -lpthreads 
/usr/bin/ld: cannot find -lpthreads
collect2: error: ld returned 1 exit status
CMakeFiles/cmTC_2560b.dir/build.make:97: recipe for target 'cmTC_2560b' failed
make[1]: *** [cmTC_2560b] Error 1
make[1]: Leaving directory '/home/odroid/projects/nevangeliou_GapterUAV/build/CMakeFiles/CMakeTmp'
Makefile:126: recipe for target 'cmTC_2560b/fast' failed
make: *** [cmTC_2560b/fast] Error 2


