The system is: Linux - 4.14.180-178 - armv7l
Compiling the C compiler identification source file "CMakeCCompilerId.c" succeeded.
Compiler: /usr/bin/cc 
Build flags: 
Id flags:  

The output was:
0


Compilation of the C compiler identification source "CMakeCCompilerId.c" produced "a.out"

The C compiler identification is GNU, found in "/home/odroid/projects/nevangeliou_GapterUAV/build/vrpn_relay/CMakeFiles/3.10.2/CompilerIdC/a.out"

Compiling the CXX compiler identification source file "CMakeCXXCompilerId.cpp" succeeded.
Compiler: /usr/bin/c++ 
Build flags: 
Id flags:  

The output was:
0


Compilation of the CXX compiler identification source "CMakeCXXCompilerId.cpp" produced "a.out"

The CXX compiler identification is GNU, found in "/home/odroid/projects/nevangeliou_GapterUAV/build/vrpn_relay/CMakeFiles/3.10.2/CompilerIdCXX/a.out"

Determining if the C compiler works passed with the following output:
Change Dir: /home/odroid/projects/nevangeliou_GapterUAV/build/vrpn_relay/CMakeFiles/CMakeTmp

Run Build Command:"/usr/bin/make" "cmTC_029b1/fast"
/usr/bin/make -f CMakeFiles/cmTC_029b1.dir/build.make CMakeFiles/cmTC_029b1.dir/build
make[1]: Entering directory '/home/odroid/projects/nevangeliou_GapterUAV/build/vrpn_relay/CMakeFiles/CMakeTmp'
Building C object CMakeFiles/cmTC_029b1.dir/testCCompiler.c.o
/usr/bin/cc    -o CMakeFiles/cmTC_029b1.dir/testCCompiler.c.o   -c /home/odroid/projects/nevangeliou_GapterUAV/build/vrpn_relay/CMakeFiles/CMakeTmp/testCCompiler.c
Linking C executable cmTC_029b1
/usr/bin/cmake -E cmake_link_script CMakeFiles/cmTC_029b1.dir/link.txt --verbose=1
/usr/bin/cc      -rdynamic CMakeFiles/cmTC_029b1.dir/testCCompiler.c.o  -o cmTC_029b1 
make[1]: Leaving directory '/home/odroid/projects/nevangeliou_GapterUAV/build/vrpn_relay/CMakeFiles/CMakeTmp'


Detecting C compiler ABI info compiled with the following output:
Change Dir: /home/odroid/projects/nevangeliou_GapterUAV/build/vrpn_relay/CMakeFiles/CMakeTmp

Run Build Command:"/usr/bin/make" "cmTC_ce5ad/fast"
/usr/bin/make -f CMakeFiles/cmTC_ce5ad.dir/build.make CMakeFiles/cmTC_ce5ad.dir/build
make[1]: Entering directory '/home/odroid/projects/nevangeliou_GapterUAV/build/vrpn_relay/CMakeFiles/CMakeTmp'
Building C object CMakeFiles/cmTC_ce5ad.dir/CMakeCCompilerABI.c.o
/usr/bin/cc    -o CMakeFiles/cmTC_ce5ad.dir/CMakeCCompilerABI.c.o   -c /usr/share/cmake-3.10/Modules/CMakeCCompilerABI.c
Linking C executable cmTC_ce5ad
/usr/bin/cmake -E cmake_link_script CMakeFiles/cmTC_ce5ad.dir/link.txt --verbose=1
/usr/bin/cc     -v -rdynamic CMakeFiles/cmTC_ce5ad.dir/CMakeCCompilerABI.c.o  -o cmTC_ce5ad 
Using built-in specs.
COLLECT_GCC=/usr/bin/cc
COLLECT_LTO_WRAPPER=/usr/lib/gcc/arm-linux-gnueabihf/7/lto-wrapper
Target: arm-linux-gnueabihf
Configured with: ../src/configure -v --with-pkgversion='Ubuntu/Linaro 7.5.0-3ubuntu1~18.04' --with-bugurl=file:///usr/share/doc/gcc-7/README.Bugs --enable-languages=c,ada,c++,go,d,fortran,objc,obj-c++ --prefix=/usr --with-gcc-major-version-only --program-suffix=-7 --program-prefix=arm-linux-gnueabihf- --enable-shared --enable-linker-build-id --libexecdir=/usr/lib --without-included-gettext --enable-threads=posix --libdir=/usr/lib --enable-nls --enable-bootstrap --enable-clocale=gnu --enable-libstdcxx-debug --enable-libstdcxx-time=yes --with-default-libstdcxx-abi=new --enable-gnu-unique-object --disable-libitm --disable-libquadmath --disable-libquadmath-support --enable-plugin --enable-default-pie --with-system-zlib --with-target-system-zlib --enable-objc-gc=auto --enable-multiarch --enable-multilib --disable-sjlj-exceptions --with-arch=armv7-a --with-fpu=vfpv3-d16 --with-float=hard --with-mode=thumb --disable-werror --enable-multilib --enable-checking=release --build=arm-linux-gnueabihf --host=arm-linux-gnueabihf --target=arm-linux-gnueabihf
Thread model: posix
gcc version 7.5.0 (Ubuntu/Linaro 7.5.0-3ubuntu1~18.04) 
COMPILER_PATH=/usr/lib/gcc/arm-linux-gnueabihf/7/:/usr/lib/gcc/arm-linux-gnueabihf/7/:/usr/lib/gcc/arm-linux-gnueabihf/:/usr/lib/gcc/arm-linux-gnueabihf/7/:/usr/lib/gcc/arm-linux-gnueabihf/
LIBRARY_PATH=/usr/lib/gcc/arm-linux-gnueabihf/7/:/usr/lib/gcc/arm-linux-gnueabihf/7/../../../arm-linux-gnueabihf/:/usr/lib/gcc/arm-linux-gnueabihf/7/../../../../lib/:/lib/arm-linux-gnueabihf/:/lib/../lib/:/usr/lib/arm-linux-gnueabihf/:/usr/lib/../lib/:/usr/lib/gcc/arm-linux-gnueabihf/7/../../../:/lib/:/usr/lib/
COLLECT_GCC_OPTIONS='-v' '-rdynamic' '-o' 'cmTC_ce5ad' '-march=armv7-a' '-mfloat-abi=hard' '-mfpu=vfpv3-d16' '-mthumb' '-mtls-dialect=gnu'
 /usr/lib/gcc/arm-linux-gnueabihf/7/collect2 -plugin /usr/lib/gcc/arm-linux-gnueabihf/7/liblto_plugin.so -plugin-opt=/usr/lib/gcc/arm-linux-gnueabihf/7/lto-wrapper -plugin-opt=-fresolution=/tmp/ccInDgfJ.res -plugin-opt=-pass-through=-lgcc -plugin-opt=-pass-through=-lgcc_s -plugin-opt=-pass-through=-lc -plugin-opt=-pass-through=-lgcc -plugin-opt=-pass-through=-lgcc_s --build-id --eh-frame-hdr -export-dynamic -dynamic-linker /lib/ld-linux-armhf.so.3 -X --hash-style=gnu --as-needed -m armelf_linux_eabi -pie -z now -z relro -o cmTC_ce5ad /usr/lib/gcc/arm-linux-gnueabihf/7/../../../arm-linux-gnueabihf/Scrt1.o /usr/lib/gcc/arm-linux-gnueabihf/7/../../../arm-linux-gnueabihf/crti.o /usr/lib/gcc/arm-linux-gnueabihf/7/crtbeginS.o -L/usr/lib/gcc/arm-linux-gnueabihf/7 -L/usr/lib/gcc/arm-linux-gnueabihf/7/../../../arm-linux-gnueabihf -L/usr/lib/gcc/arm-linux-gnueabihf/7/../../../../lib -L/lib/arm-linux-gnueabihf -L/lib/../lib -L/usr/lib/arm-linux-gnueabihf -L/usr/lib/../lib -L/usr/lib/gcc/arm-linux-gnueabihf/7/../../.. CMakeFiles/cmTC_ce5ad.dir/CMakeCCompilerABI.c.o -lgcc --push-state --as-needed -lgcc_s --pop-state -lc -lgcc --push-state --as-needed -lgcc_s --pop-state /usr/lib/gcc/arm-linux-gnueabihf/7/crtendS.o /usr/lib/gcc/arm-linux-gnueabihf/7/../../../arm-linux-gnueabihf/crtn.o
COLLECT_GCC_OPTIONS='-v' '-rdynamic' '-o' 'cmTC_ce5ad' '-march=armv7-a' '-mfloat-abi=hard' '-mfpu=vfpv3-d16' '-mthumb' '-mtls-dialect=gnu'
make[1]: Leaving directory '/home/odroid/projects/nevangeliou_GapterUAV/build/vrpn_relay/CMakeFiles/CMakeTmp'


Parsed C implicit link information from above output:
  link line regex: [^( *|.*[/\])(ld|CMAKE_LINK_STARTFILE-NOTFOUND|([^/\]+-)?ld|collect2)[^/\]*( |$)]
  ignore line: [Change Dir: /home/odroid/projects/nevangeliou_GapterUAV/build/vrpn_relay/CMakeFiles/CMakeTmp]
  ignore line: []
  ignore line: [Run Build Command:"/usr/bin/make" "cmTC_ce5ad/fast"]
  ignore line: [/usr/bin/make -f CMakeFiles/cmTC_ce5ad.dir/build.make CMakeFiles/cmTC_ce5ad.dir/build]
  ignore line: [make[1]: Entering directory '/home/odroid/projects/nevangeliou_GapterUAV/build/vrpn_relay/CMakeFiles/CMakeTmp']
  ignore line: [Building C object CMakeFiles/cmTC_ce5ad.dir/CMakeCCompilerABI.c.o]
  ignore line: [/usr/bin/cc    -o CMakeFiles/cmTC_ce5ad.dir/CMakeCCompilerABI.c.o   -c /usr/share/cmake-3.10/Modules/CMakeCCompilerABI.c]
  ignore line: [Linking C executable cmTC_ce5ad]
  ignore line: [/usr/bin/cmake -E cmake_link_script CMakeFiles/cmTC_ce5ad.dir/link.txt --verbose=1]
  ignore line: [/usr/bin/cc     -v -rdynamic CMakeFiles/cmTC_ce5ad.dir/CMakeCCompilerABI.c.o  -o cmTC_ce5ad ]
  ignore line: [Using built-in specs.]
  ignore line: [COLLECT_GCC=/usr/bin/cc]
  ignore line: [COLLECT_LTO_WRAPPER=/usr/lib/gcc/arm-linux-gnueabihf/7/lto-wrapper]
  ignore line: [Target: arm-linux-gnueabihf]
  ignore line: [Configured with: ../src/configure -v --with-pkgversion='Ubuntu/Linaro 7.5.0-3ubuntu1~18.04' --with-bugurl=file:///usr/share/doc/gcc-7/README.Bugs --enable-languages=c,ada,c++,go,d,fortran,objc,obj-c++ --prefix=/usr --with-gcc-major-version-only --program-suffix=-7 --program-prefix=arm-linux-gnueabihf- --enable-shared --enable-linker-build-id --libexecdir=/usr/lib --without-included-gettext --enable-threads=posix --libdir=/usr/lib --enable-nls --enable-bootstrap --enable-clocale=gnu --enable-libstdcxx-debug --enable-libstdcxx-time=yes --with-default-libstdcxx-abi=new --enable-gnu-unique-object --disable-libitm --disable-libquadmath --disable-libquadmath-support --enable-plugin --enable-default-pie --with-system-zlib --with-target-system-zlib --enable-objc-gc=auto --enable-multiarch --enable-multilib --disable-sjlj-exceptions --with-arch=armv7-a --with-fpu=vfpv3-d16 --with-float=hard --with-mode=thumb --disable-werror --enable-multilib --enable-checking=release --build=arm-linux-gnueabihf --host=arm-linux-gnueabihf --target=arm-linux-gnueabihf]
  ignore line: [Thread model: posix]
  ignore line: [gcc version 7.5.0 (Ubuntu/Linaro 7.5.0-3ubuntu1~18.04) ]
  ignore line: [COMPILER_PATH=/usr/lib/gcc/arm-linux-gnueabihf/7/:/usr/lib/gcc/arm-linux-gnueabihf/7/:/usr/lib/gcc/arm-linux-gnueabihf/:/usr/lib/gcc/arm-linux-gnueabihf/7/:/usr/lib/gcc/arm-linux-gnueabihf/]
  ignore line: [LIBRARY_PATH=/usr/lib/gcc/arm-linux-gnueabihf/7/:/usr/lib/gcc/arm-linux-gnueabihf/7/../../../arm-linux-gnueabihf/:/usr/lib/gcc/arm-linux-gnueabihf/7/../../../../lib/:/lib/arm-linux-gnueabihf/:/lib/../lib/:/usr/lib/arm-linux-gnueabihf/:/usr/lib/../lib/:/usr/lib/gcc/arm-linux-gnueabihf/7/../../../:/lib/:/usr/lib/]
  ignore line: [COLLECT_GCC_OPTIONS='-v' '-rdynamic' '-o' 'cmTC_ce5ad' '-march=armv7-a' '-mfloat-abi=hard' '-mfpu=vfpv3-d16' '-mthumb' '-mtls-dialect=gnu']
  link line: [ /usr/lib/gcc/arm-linux-gnueabihf/7/collect2 -plugin /usr/lib/gcc/arm-linux-gnueabihf/7/liblto_plugin.so -plugin-opt=/usr/lib/gcc/arm-linux-gnueabihf/7/lto-wrapper -plugin-opt=-fresolution=/tmp/ccInDgfJ.res -plugin-opt=-pass-through=-lgcc -plugin-opt=-pass-through=-lgcc_s -plugin-opt=-pass-through=-lc -plugin-opt=-pass-through=-lgcc -plugin-opt=-pass-through=-lgcc_s --build-id --eh-frame-hdr -export-dynamic -dynamic-linker /lib/ld-linux-armhf.so.3 -X --hash-style=gnu --as-needed -m armelf_linux_eabi -pie -z now -z relro -o cmTC_ce5ad /usr/lib/gcc/arm-linux-gnueabihf/7/../../../arm-linux-gnueabihf/Scrt1.o /usr/lib/gcc/arm-linux-gnueabihf/7/../../../arm-linux-gnueabihf/crti.o /usr/lib/gcc/arm-linux-gnueabihf/7/crtbeginS.o -L/usr/lib/gcc/arm-linux-gnueabihf/7 -L/usr/lib/gcc/arm-linux-gnueabihf/7/../../../arm-linux-gnueabihf -L/usr/lib/gcc/arm-linux-gnueabihf/7/../../../../lib -L/lib/arm-linux-gnueabihf -L/lib/../lib -L/usr/lib/arm-linux-gnueabihf -L/usr/lib/../lib -L/usr/lib/gcc/arm-linux-gnueabihf/7/../../.. CMakeFiles/cmTC_ce5ad.dir/CMakeCCompilerABI.c.o -lgcc --push-state --as-needed -lgcc_s --pop-state -lc -lgcc --push-state --as-needed -lgcc_s --pop-state /usr/lib/gcc/arm-linux-gnueabihf/7/crtendS.o /usr/lib/gcc/arm-linux-gnueabihf/7/../../../arm-linux-gnueabihf/crtn.o]
    arg [/usr/lib/gcc/arm-linux-gnueabihf/7/collect2] ==> ignore
    arg [-plugin] ==> ignore
    arg [/usr/lib/gcc/arm-linux-gnueabihf/7/liblto_plugin.so] ==> ignore
    arg [-plugin-opt=/usr/lib/gcc/arm-linux-gnueabihf/7/lto-wrapper] ==> ignore
    arg [-plugin-opt=-fresolution=/tmp/ccInDgfJ.res] ==> ignore
    arg [-plugin-opt=-pass-through=-lgcc] ==> ignore
    arg [-plugin-opt=-pass-through=-lgcc_s] ==> ignore
    arg [-plugin-opt=-pass-through=-lc] ==> ignore
    arg [-plugin-opt=-pass-through=-lgcc] ==> ignore
    arg [-plugin-opt=-pass-through=-lgcc_s] ==> ignore
    arg [--build-id] ==> ignore
    arg [--eh-frame-hdr] ==> ignore
    arg [-export-dynamic] ==> ignore
    arg [-dynamic-linker] ==> ignore
    arg [/lib/ld-linux-armhf.so.3] ==> ignore
    arg [-X] ==> ignore
    arg [--hash-style=gnu] ==> ignore
    arg [--as-needed] ==> ignore
    arg [-m] ==> ignore
    arg [armelf_linux_eabi] ==> ignore
    arg [-pie] ==> ignore
    arg [-znow] ==> ignore
    arg [-zrelro] ==> ignore
    arg [-o] ==> ignore
    arg [cmTC_ce5ad] ==> ignore
    arg [/usr/lib/gcc/arm-linux-gnueabihf/7/../../../arm-linux-gnueabihf/Scrt1.o] ==> ignore
    arg [/usr/lib/gcc/arm-linux-gnueabihf/7/../../../arm-linux-gnueabihf/crti.o] ==> ignore
    arg [/usr/lib/gcc/arm-linux-gnueabihf/7/crtbeginS.o] ==> ignore
    arg [-L/usr/lib/gcc/arm-linux-gnueabihf/7] ==> dir [/usr/lib/gcc/arm-linux-gnueabihf/7]
    arg [-L/usr/lib/gcc/arm-linux-gnueabihf/7/../../../arm-linux-gnueabihf] ==> dir [/usr/lib/gcc/arm-linux-gnueabihf/7/../../../arm-linux-gnueabihf]
    arg [-L/usr/lib/gcc/arm-linux-gnueabihf/7/../../../../lib] ==> dir [/usr/lib/gcc/arm-linux-gnueabihf/7/../../../../lib]
    arg [-L/lib/arm-linux-gnueabihf] ==> dir [/lib/arm-linux-gnueabihf]
    arg [-L/lib/../lib] ==> dir [/lib/../lib]
    arg [-L/usr/lib/arm-linux-gnueabihf] ==> dir [/usr/lib/arm-linux-gnueabihf]
    arg [-L/usr/lib/../lib] ==> dir [/usr/lib/../lib]
    arg [-L/usr/lib/gcc/arm-linux-gnueabihf/7/../../..] ==> dir [/usr/lib/gcc/arm-linux-gnueabihf/7/../../..]
    arg [CMakeFiles/cmTC_ce5ad.dir/CMakeCCompilerABI.c.o] ==> ignore
    arg [-lgcc] ==> lib [gcc]
    arg [--push-state] ==> ignore
    arg [--as-needed] ==> ignore
    arg [-lgcc_s] ==> lib [gcc_s]
    arg [--pop-state] ==> ignore
    arg [-lc] ==> lib [c]
    arg [-lgcc] ==> lib [gcc]
    arg [--push-state] ==> ignore
    arg [--as-needed] ==> ignore
    arg [-lgcc_s] ==> lib [gcc_s]
    arg [--pop-state] ==> ignore
    arg [/usr/lib/gcc/arm-linux-gnueabihf/7/crtendS.o] ==> ignore
    arg [/usr/lib/gcc/arm-linux-gnueabihf/7/../../../arm-linux-gnueabihf/crtn.o] ==> ignore
  collapse library dir [/usr/lib/gcc/arm-linux-gnueabihf/7] ==> [/usr/lib/gcc/arm-linux-gnueabihf/7]
  collapse library dir [/usr/lib/gcc/arm-linux-gnueabihf/7/../../../arm-linux-gnueabihf] ==> [/usr/lib/arm-linux-gnueabihf]
  collapse library dir [/usr/lib/gcc/arm-linux-gnueabihf/7/../../../../lib] ==> [/usr/lib]
  collapse library dir [/lib/arm-linux-gnueabihf] ==> [/lib/arm-linux-gnueabihf]
  collapse library dir [/lib/../lib] ==> [/lib]
  collapse library dir [/usr/lib/arm-linux-gnueabihf] ==> [/usr/lib/arm-linux-gnueabihf]
  collapse library dir [/usr/lib/../lib] ==> [/usr/lib]
  collapse library dir [/usr/lib/gcc/arm-linux-gnueabihf/7/../../..] ==> [/usr/lib]
  implicit libs: [gcc;gcc_s;c;gcc;gcc_s]
  implicit dirs: [/usr/lib/gcc/arm-linux-gnueabihf/7;/usr/lib/arm-linux-gnueabihf;/usr/lib;/lib/arm-linux-gnueabihf;/lib]
  implicit fwks: []




Detecting C [-std=c11] compiler features compiled with the following output:
Change Dir: /home/odroid/projects/nevangeliou_GapterUAV/build/vrpn_relay/CMakeFiles/CMakeTmp

Run Build Command:"/usr/bin/make" "cmTC_98fa4/fast"
/usr/bin/make -f CMakeFiles/cmTC_98fa4.dir/build.make CMakeFiles/cmTC_98fa4.dir/build
make[1]: Entering directory '/home/odroid/projects/nevangeliou_GapterUAV/build/vrpn_relay/CMakeFiles/CMakeTmp'
Building C object CMakeFiles/cmTC_98fa4.dir/feature_tests.c.o
/usr/bin/cc   -std=c11 -o CMakeFiles/cmTC_98fa4.dir/feature_tests.c.o   -c /home/odroid/projects/nevangeliou_GapterUAV/build/vrpn_relay/CMakeFiles/feature_tests.c
Linking C executable cmTC_98fa4
/usr/bin/cmake -E cmake_link_script CMakeFiles/cmTC_98fa4.dir/link.txt --verbose=1
/usr/bin/cc      -rdynamic CMakeFiles/cmTC_98fa4.dir/feature_tests.c.o  -o cmTC_98fa4 
make[1]: Leaving directory '/home/odroid/projects/nevangeliou_GapterUAV/build/vrpn_relay/CMakeFiles/CMakeTmp'


    Feature record: C_FEATURE:1c_function_prototypes
    Feature record: C_FEATURE:1c_restrict
    Feature record: C_FEATURE:1c_static_assert
    Feature record: C_FEATURE:1c_variadic_macros


Detecting C [-std=c99] compiler features compiled with the following output:
Change Dir: /home/odroid/projects/nevangeliou_GapterUAV/build/vrpn_relay/CMakeFiles/CMakeTmp

Run Build Command:"/usr/bin/make" "cmTC_081dd/fast"
/usr/bin/make -f CMakeFiles/cmTC_081dd.dir/build.make CMakeFiles/cmTC_081dd.dir/build
make[1]: Entering directory '/home/odroid/projects/nevangeliou_GapterUAV/build/vrpn_relay/CMakeFiles/CMakeTmp'
Building C object CMakeFiles/cmTC_081dd.dir/feature_tests.c.o
/usr/bin/cc   -std=c99 -o CMakeFiles/cmTC_081dd.dir/feature_tests.c.o   -c /home/odroid/projects/nevangeliou_GapterUAV/build/vrpn_relay/CMakeFiles/feature_tests.c
Linking C executable cmTC_081dd
/usr/bin/cmake -E cmake_link_script CMakeFiles/cmTC_081dd.dir/link.txt --verbose=1
/usr/bin/cc      -rdynamic CMakeFiles/cmTC_081dd.dir/feature_tests.c.o  -o cmTC_081dd 
make[1]: Leaving directory '/home/odroid/projects/nevangeliou_GapterUAV/build/vrpn_relay/CMakeFiles/CMakeTmp'


    Feature record: C_FEATURE:1c_function_prototypes
    Feature record: C_FEATURE:1c_restrict
    Feature record: C_FEATURE:0c_static_assert
    Feature record: C_FEATURE:1c_variadic_macros


Detecting C [-std=c90] compiler features compiled with the following output:
Change Dir: /home/odroid/projects/nevangeliou_GapterUAV/build/vrpn_relay/CMakeFiles/CMakeTmp

Run Build Command:"/usr/bin/make" "cmTC_e13b3/fast"
/usr/bin/make -f CMakeFiles/cmTC_e13b3.dir/build.make CMakeFiles/cmTC_e13b3.dir/build
make[1]: Entering directory '/home/odroid/projects/nevangeliou_GapterUAV/build/vrpn_relay/CMakeFiles/CMakeTmp'
Building C object CMakeFiles/cmTC_e13b3.dir/feature_tests.c.o
/usr/bin/cc   -std=c90 -o CMakeFiles/cmTC_e13b3.dir/feature_tests.c.o   -c /home/odroid/projects/nevangeliou_GapterUAV/build/vrpn_relay/CMakeFiles/feature_tests.c
Linking C executable cmTC_e13b3
/usr/bin/cmake -E cmake_link_script CMakeFiles/cmTC_e13b3.dir/link.txt --verbose=1
/usr/bin/cc      -rdynamic CMakeFiles/cmTC_e13b3.dir/feature_tests.c.o  -o cmTC_e13b3 
make[1]: Leaving directory '/home/odroid/projects/nevangeliou_GapterUAV/build/vrpn_relay/CMakeFiles/CMakeTmp'


    Feature record: C_FEATURE:1c_function_prototypes
    Feature record: C_FEATURE:0c_restrict
    Feature record: C_FEATURE:0c_static_assert
    Feature record: C_FEATURE:0c_variadic_macros
Determining if the CXX compiler works passed with the following output:
Change Dir: /home/odroid/projects/nevangeliou_GapterUAV/build/vrpn_relay/CMakeFiles/CMakeTmp

Run Build Command:"/usr/bin/make" "cmTC_9f470/fast"
/usr/bin/make -f CMakeFiles/cmTC_9f470.dir/build.make CMakeFiles/cmTC_9f470.dir/build
make[1]: Entering directory '/home/odroid/projects/nevangeliou_GapterUAV/build/vrpn_relay/CMakeFiles/CMakeTmp'
Building CXX object CMakeFiles/cmTC_9f470.dir/testCXXCompiler.cxx.o
/usr/bin/c++     -o CMakeFiles/cmTC_9f470.dir/testCXXCompiler.cxx.o -c /home/odroid/projects/nevangeliou_GapterUAV/build/vrpn_relay/CMakeFiles/CMakeTmp/testCXXCompiler.cxx
Linking CXX executable cmTC_9f470
/usr/bin/cmake -E cmake_link_script CMakeFiles/cmTC_9f470.dir/link.txt --verbose=1
/usr/bin/c++       -rdynamic CMakeFiles/cmTC_9f470.dir/testCXXCompiler.cxx.o  -o cmTC_9f470 
make[1]: Leaving directory '/home/odroid/projects/nevangeliou_GapterUAV/build/vrpn_relay/CMakeFiles/CMakeTmp'


Detecting CXX compiler ABI info compiled with the following output:
Change Dir: /home/odroid/projects/nevangeliou_GapterUAV/build/vrpn_relay/CMakeFiles/CMakeTmp

Run Build Command:"/usr/bin/make" "cmTC_dfbaf/fast"
/usr/bin/make -f CMakeFiles/cmTC_dfbaf.dir/build.make CMakeFiles/cmTC_dfbaf.dir/build
make[1]: Entering directory '/home/odroid/projects/nevangeliou_GapterUAV/build/vrpn_relay/CMakeFiles/CMakeTmp'
Building CXX object CMakeFiles/cmTC_dfbaf.dir/CMakeCXXCompilerABI.cpp.o
/usr/bin/c++     -o CMakeFiles/cmTC_dfbaf.dir/CMakeCXXCompilerABI.cpp.o -c /usr/share/cmake-3.10/Modules/CMakeCXXCompilerABI.cpp
Linking CXX executable cmTC_dfbaf
/usr/bin/cmake -E cmake_link_script CMakeFiles/cmTC_dfbaf.dir/link.txt --verbose=1
/usr/bin/c++      -v -rdynamic CMakeFiles/cmTC_dfbaf.dir/CMakeCXXCompilerABI.cpp.o  -o cmTC_dfbaf 
Using built-in specs.
COLLECT_GCC=/usr/bin/c++
COLLECT_LTO_WRAPPER=/usr/lib/gcc/arm-linux-gnueabihf/7/lto-wrapper
Target: arm-linux-gnueabihf
Configured with: ../src/configure -v --with-pkgversion='Ubuntu/Linaro 7.5.0-3ubuntu1~18.04' --with-bugurl=file:///usr/share/doc/gcc-7/README.Bugs --enable-languages=c,ada,c++,go,d,fortran,objc,obj-c++ --prefix=/usr --with-gcc-major-version-only --program-suffix=-7 --program-prefix=arm-linux-gnueabihf- --enable-shared --enable-linker-build-id --libexecdir=/usr/lib --without-included-gettext --enable-threads=posix --libdir=/usr/lib --enable-nls --enable-bootstrap --enable-clocale=gnu --enable-libstdcxx-debug --enable-libstdcxx-time=yes --with-default-libstdcxx-abi=new --enable-gnu-unique-object --disable-libitm --disable-libquadmath --disable-libquadmath-support --enable-plugin --enable-default-pie --with-system-zlib --with-target-system-zlib --enable-objc-gc=auto --enable-multiarch --enable-multilib --disable-sjlj-exceptions --with-arch=armv7-a --with-fpu=vfpv3-d16 --with-float=hard --with-mode=thumb --disable-werror --enable-multilib --enable-checking=release --build=arm-linux-gnueabihf --host=arm-linux-gnueabihf --target=arm-linux-gnueabihf
Thread model: posix
gcc version 7.5.0 (Ubuntu/Linaro 7.5.0-3ubuntu1~18.04) 
COMPILER_PATH=/usr/lib/gcc/arm-linux-gnueabihf/7/:/usr/lib/gcc/arm-linux-gnueabihf/7/:/usr/lib/gcc/arm-linux-gnueabihf/:/usr/lib/gcc/arm-linux-gnueabihf/7/:/usr/lib/gcc/arm-linux-gnueabihf/
LIBRARY_PATH=/usr/lib/gcc/arm-linux-gnueabihf/7/:/usr/lib/gcc/arm-linux-gnueabihf/7/../../../arm-linux-gnueabihf/:/usr/lib/gcc/arm-linux-gnueabihf/7/../../../../lib/:/lib/arm-linux-gnueabihf/:/lib/../lib/:/usr/lib/arm-linux-gnueabihf/:/usr/lib/../lib/:/usr/lib/gcc/arm-linux-gnueabihf/7/../../../:/lib/:/usr/lib/
COLLECT_GCC_OPTIONS='-v' '-rdynamic' '-o' 'cmTC_dfbaf' '-shared-libgcc' '-march=armv7-a' '-mfloat-abi=hard' '-mfpu=vfpv3-d16' '-mthumb' '-mtls-dialect=gnu'
 /usr/lib/gcc/arm-linux-gnueabihf/7/collect2 -plugin /usr/lib/gcc/arm-linux-gnueabihf/7/liblto_plugin.so -plugin-opt=/usr/lib/gcc/arm-linux-gnueabihf/7/lto-wrapper -plugin-opt=-fresolution=/tmp/ccYjlzjX.res -plugin-opt=-pass-through=-lgcc_s -plugin-opt=-pass-through=-lgcc -plugin-opt=-pass-through=-lc -plugin-opt=-pass-through=-lgcc_s -plugin-opt=-pass-through=-lgcc --build-id --eh-frame-hdr -export-dynamic -dynamic-linker /lib/ld-linux-armhf.so.3 -X --hash-style=gnu --as-needed -m armelf_linux_eabi -pie -z now -z relro -o cmTC_dfbaf /usr/lib/gcc/arm-linux-gnueabihf/7/../../../arm-linux-gnueabihf/Scrt1.o /usr/lib/gcc/arm-linux-gnueabihf/7/../../../arm-linux-gnueabihf/crti.o /usr/lib/gcc/arm-linux-gnueabihf/7/crtbeginS.o -L/usr/lib/gcc/arm-linux-gnueabihf/7 -L/usr/lib/gcc/arm-linux-gnueabihf/7/../../../arm-linux-gnueabihf -L/usr/lib/gcc/arm-linux-gnueabihf/7/../../../../lib -L/lib/arm-linux-gnueabihf -L/lib/../lib -L/usr/lib/arm-linux-gnueabihf -L/usr/lib/../lib -L/usr/lib/gcc/arm-linux-gnueabihf/7/../../.. CMakeFiles/cmTC_dfbaf.dir/CMakeCXXCompilerABI.cpp.o -lstdc++ -lm -lgcc_s -lgcc -lc -lgcc_s -lgcc /usr/lib/gcc/arm-linux-gnueabihf/7/crtendS.o /usr/lib/gcc/arm-linux-gnueabihf/7/../../../arm-linux-gnueabihf/crtn.o
COLLECT_GCC_OPTIONS='-v' '-rdynamic' '-o' 'cmTC_dfbaf' '-shared-libgcc' '-march=armv7-a' '-mfloat-abi=hard' '-mfpu=vfpv3-d16' '-mthumb' '-mtls-dialect=gnu'
make[1]: Leaving directory '/home/odroid/projects/nevangeliou_GapterUAV/build/vrpn_relay/CMakeFiles/CMakeTmp'


Parsed CXX implicit link information from above output:
  link line regex: [^( *|.*[/\])(ld|CMAKE_LINK_STARTFILE-NOTFOUND|([^/\]+-)?ld|collect2)[^/\]*( |$)]
  ignore line: [Change Dir: /home/odroid/projects/nevangeliou_GapterUAV/build/vrpn_relay/CMakeFiles/CMakeTmp]
  ignore line: []
  ignore line: [Run Build Command:"/usr/bin/make" "cmTC_dfbaf/fast"]
  ignore line: [/usr/bin/make -f CMakeFiles/cmTC_dfbaf.dir/build.make CMakeFiles/cmTC_dfbaf.dir/build]
  ignore line: [make[1]: Entering directory '/home/odroid/projects/nevangeliou_GapterUAV/build/vrpn_relay/CMakeFiles/CMakeTmp']
  ignore line: [Building CXX object CMakeFiles/cmTC_dfbaf.dir/CMakeCXXCompilerABI.cpp.o]
  ignore line: [/usr/bin/c++     -o CMakeFiles/cmTC_dfbaf.dir/CMakeCXXCompilerABI.cpp.o -c /usr/share/cmake-3.10/Modules/CMakeCXXCompilerABI.cpp]
  ignore line: [Linking CXX executable cmTC_dfbaf]
  ignore line: [/usr/bin/cmake -E cmake_link_script CMakeFiles/cmTC_dfbaf.dir/link.txt --verbose=1]
  ignore line: [/usr/bin/c++      -v -rdynamic CMakeFiles/cmTC_dfbaf.dir/CMakeCXXCompilerABI.cpp.o  -o cmTC_dfbaf ]
  ignore line: [Using built-in specs.]
  ignore line: [COLLECT_GCC=/usr/bin/c++]
  ignore line: [COLLECT_LTO_WRAPPER=/usr/lib/gcc/arm-linux-gnueabihf/7/lto-wrapper]
  ignore line: [Target: arm-linux-gnueabihf]
  ignore line: [Configured with: ../src/configure -v --with-pkgversion='Ubuntu/Linaro 7.5.0-3ubuntu1~18.04' --with-bugurl=file:///usr/share/doc/gcc-7/README.Bugs --enable-languages=c,ada,c++,go,d,fortran,objc,obj-c++ --prefix=/usr --with-gcc-major-version-only --program-suffix=-7 --program-prefix=arm-linux-gnueabihf- --enable-shared --enable-linker-build-id --libexecdir=/usr/lib --without-included-gettext --enable-threads=posix --libdir=/usr/lib --enable-nls --enable-bootstrap --enable-clocale=gnu --enable-libstdcxx-debug --enable-libstdcxx-time=yes --with-default-libstdcxx-abi=new --enable-gnu-unique-object --disable-libitm --disable-libquadmath --disable-libquadmath-support --enable-plugin --enable-default-pie --with-system-zlib --with-target-system-zlib --enable-objc-gc=auto --enable-multiarch --enable-multilib --disable-sjlj-exceptions --with-arch=armv7-a --with-fpu=vfpv3-d16 --with-float=hard --with-mode=thumb --disable-werror --enable-multilib --enable-checking=release --build=arm-linux-gnueabihf --host=arm-linux-gnueabihf --target=arm-linux-gnueabihf]
  ignore line: [Thread model: posix]
  ignore line: [gcc version 7.5.0 (Ubuntu/Linaro 7.5.0-3ubuntu1~18.04) ]
  ignore line: [COMPILER_PATH=/usr/lib/gcc/arm-linux-gnueabihf/7/:/usr/lib/gcc/arm-linux-gnueabihf/7/:/usr/lib/gcc/arm-linux-gnueabihf/:/usr/lib/gcc/arm-linux-gnueabihf/7/:/usr/lib/gcc/arm-linux-gnueabihf/]
  ignore line: [LIBRARY_PATH=/usr/lib/gcc/arm-linux-gnueabihf/7/:/usr/lib/gcc/arm-linux-gnueabihf/7/../../../arm-linux-gnueabihf/:/usr/lib/gcc/arm-linux-gnueabihf/7/../../../../lib/:/lib/arm-linux-gnueabihf/:/lib/../lib/:/usr/lib/arm-linux-gnueabihf/:/usr/lib/../lib/:/usr/lib/gcc/arm-linux-gnueabihf/7/../../../:/lib/:/usr/lib/]
  ignore line: [COLLECT_GCC_OPTIONS='-v' '-rdynamic' '-o' 'cmTC_dfbaf' '-shared-libgcc' '-march=armv7-a' '-mfloat-abi=hard' '-mfpu=vfpv3-d16' '-mthumb' '-mtls-dialect=gnu']
  link line: [ /usr/lib/gcc/arm-linux-gnueabihf/7/collect2 -plugin /usr/lib/gcc/arm-linux-gnueabihf/7/liblto_plugin.so -plugin-opt=/usr/lib/gcc/arm-linux-gnueabihf/7/lto-wrapper -plugin-opt=-fresolution=/tmp/ccYjlzjX.res -plugin-opt=-pass-through=-lgcc_s -plugin-opt=-pass-through=-lgcc -plugin-opt=-pass-through=-lc -plugin-opt=-pass-through=-lgcc_s -plugin-opt=-pass-through=-lgcc --build-id --eh-frame-hdr -export-dynamic -dynamic-linker /lib/ld-linux-armhf.so.3 -X --hash-style=gnu --as-needed -m armelf_linux_eabi -pie -z now -z relro -o cmTC_dfbaf /usr/lib/gcc/arm-linux-gnueabihf/7/../../../arm-linux-gnueabihf/Scrt1.o /usr/lib/gcc/arm-linux-gnueabihf/7/../../../arm-linux-gnueabihf/crti.o /usr/lib/gcc/arm-linux-gnueabihf/7/crtbeginS.o -L/usr/lib/gcc/arm-linux-gnueabihf/7 -L/usr/lib/gcc/arm-linux-gnueabihf/7/../../../arm-linux-gnueabihf -L/usr/lib/gcc/arm-linux-gnueabihf/7/../../../../lib -L/lib/arm-linux-gnueabihf -L/lib/../lib -L/usr/lib/arm-linux-gnueabihf -L/usr/lib/../lib -L/usr/lib/gcc/arm-linux-gnueabihf/7/../../.. CMakeFiles/cmTC_dfbaf.dir/CMakeCXXCompilerABI.cpp.o -lstdc++ -lm -lgcc_s -lgcc -lc -lgcc_s -lgcc /usr/lib/gcc/arm-linux-gnueabihf/7/crtendS.o /usr/lib/gcc/arm-linux-gnueabihf/7/../../../arm-linux-gnueabihf/crtn.o]
    arg [/usr/lib/gcc/arm-linux-gnueabihf/7/collect2] ==> ignore
    arg [-plugin] ==> ignore
    arg [/usr/lib/gcc/arm-linux-gnueabihf/7/liblto_plugin.so] ==> ignore
    arg [-plugin-opt=/usr/lib/gcc/arm-linux-gnueabihf/7/lto-wrapper] ==> ignore
    arg [-plugin-opt=-fresolution=/tmp/ccYjlzjX.res] ==> ignore
    arg [-plugin-opt=-pass-through=-lgcc_s] ==> ignore
    arg [-plugin-opt=-pass-through=-lgcc] ==> ignore
    arg [-plugin-opt=-pass-through=-lc] ==> ignore
    arg [-plugin-opt=-pass-through=-lgcc_s] ==> ignore
    arg [-plugin-opt=-pass-through=-lgcc] ==> ignore
    arg [--build-id] ==> ignore
    arg [--eh-frame-hdr] ==> ignore
    arg [-export-dynamic] ==> ignore
    arg [-dynamic-linker] ==> ignore
    arg [/lib/ld-linux-armhf.so.3] ==> ignore
    arg [-X] ==> ignore
    arg [--hash-style=gnu] ==> ignore
    arg [--as-needed] ==> ignore
    arg [-m] ==> ignore
    arg [armelf_linux_eabi] ==> ignore
    arg [-pie] ==> ignore
    arg [-znow] ==> ignore
    arg [-zrelro] ==> ignore
    arg [-o] ==> ignore
    arg [cmTC_dfbaf] ==> ignore
    arg [/usr/lib/gcc/arm-linux-gnueabihf/7/../../../arm-linux-gnueabihf/Scrt1.o] ==> ignore
    arg [/usr/lib/gcc/arm-linux-gnueabihf/7/../../../arm-linux-gnueabihf/crti.o] ==> ignore
    arg [/usr/lib/gcc/arm-linux-gnueabihf/7/crtbeginS.o] ==> ignore
    arg [-L/usr/lib/gcc/arm-linux-gnueabihf/7] ==> dir [/usr/lib/gcc/arm-linux-gnueabihf/7]
    arg [-L/usr/lib/gcc/arm-linux-gnueabihf/7/../../../arm-linux-gnueabihf] ==> dir [/usr/lib/gcc/arm-linux-gnueabihf/7/../../../arm-linux-gnueabihf]
    arg [-L/usr/lib/gcc/arm-linux-gnueabihf/7/../../../../lib] ==> dir [/usr/lib/gcc/arm-linux-gnueabihf/7/../../../../lib]
    arg [-L/lib/arm-linux-gnueabihf] ==> dir [/lib/arm-linux-gnueabihf]
    arg [-L/lib/../lib] ==> dir [/lib/../lib]
    arg [-L/usr/lib/arm-linux-gnueabihf] ==> dir [/usr/lib/arm-linux-gnueabihf]
    arg [-L/usr/lib/../lib] ==> dir [/usr/lib/../lib]
    arg [-L/usr/lib/gcc/arm-linux-gnueabihf/7/../../..] ==> dir [/usr/lib/gcc/arm-linux-gnueabihf/7/../../..]
    arg [CMakeFiles/cmTC_dfbaf.dir/CMakeCXXCompilerABI.cpp.o] ==> ignore
    arg [-lstdc++] ==> lib [stdc++]
    arg [-lm] ==> lib [m]
    arg [-lgcc_s] ==> lib [gcc_s]
    arg [-lgcc] ==> lib [gcc]
    arg [-lc] ==> lib [c]
    arg [-lgcc_s] ==> lib [gcc_s]
    arg [-lgcc] ==> lib [gcc]
    arg [/usr/lib/gcc/arm-linux-gnueabihf/7/crtendS.o] ==> ignore
    arg [/usr/lib/gcc/arm-linux-gnueabihf/7/../../../arm-linux-gnueabihf/crtn.o] ==> ignore
  collapse library dir [/usr/lib/gcc/arm-linux-gnueabihf/7] ==> [/usr/lib/gcc/arm-linux-gnueabihf/7]
  collapse library dir [/usr/lib/gcc/arm-linux-gnueabihf/7/../../../arm-linux-gnueabihf] ==> [/usr/lib/arm-linux-gnueabihf]
  collapse library dir [/usr/lib/gcc/arm-linux-gnueabihf/7/../../../../lib] ==> [/usr/lib]
  collapse library dir [/lib/arm-linux-gnueabihf] ==> [/lib/arm-linux-gnueabihf]
  collapse library dir [/lib/../lib] ==> [/lib]
  collapse library dir [/usr/lib/arm-linux-gnueabihf] ==> [/usr/lib/arm-linux-gnueabihf]
  collapse library dir [/usr/lib/../lib] ==> [/usr/lib]
  collapse library dir [/usr/lib/gcc/arm-linux-gnueabihf/7/../../..] ==> [/usr/lib]
  implicit libs: [stdc++;m;gcc_s;gcc;c;gcc_s;gcc]
  implicit dirs: [/usr/lib/gcc/arm-linux-gnueabihf/7;/usr/lib/arm-linux-gnueabihf;/usr/lib;/lib/arm-linux-gnueabihf;/lib]
  implicit fwks: []




Detecting CXX [-std=c++1z] compiler features compiled with the following output:
Change Dir: /home/odroid/projects/nevangeliou_GapterUAV/build/vrpn_relay/CMakeFiles/CMakeTmp

Run Build Command:"/usr/bin/make" "cmTC_863dd/fast"
/usr/bin/make -f CMakeFiles/cmTC_863dd.dir/build.make CMakeFiles/cmTC_863dd.dir/build
make[1]: Entering directory '/home/odroid/projects/nevangeliou_GapterUAV/build/vrpn_relay/CMakeFiles/CMakeTmp'
Building CXX object CMakeFiles/cmTC_863dd.dir/feature_tests.cxx.o
/usr/bin/c++    -std=c++1z -o CMakeFiles/cmTC_863dd.dir/feature_tests.cxx.o -c /home/odroid/projects/nevangeliou_GapterUAV/build/vrpn_relay/CMakeFiles/feature_tests.cxx
Linking CXX executable cmTC_863dd
/usr/bin/cmake -E cmake_link_script CMakeFiles/cmTC_863dd.dir/link.txt --verbose=1
/usr/bin/c++       -rdynamic CMakeFiles/cmTC_863dd.dir/feature_tests.cxx.o  -o cmTC_863dd 
make[1]: Leaving directory '/home/odroid/projects/nevangeliou_GapterUAV/build/vrpn_relay/CMakeFiles/CMakeTmp'


    Feature record: CXX_FEATURE:1cxx_aggregate_default_initializers
    Feature record: CXX_FEATURE:1cxx_alias_templates
    Feature record: CXX_FEATURE:1cxx_alignas
    Feature record: CXX_FEATURE:1cxx_alignof
    Feature record: CXX_FEATURE:1cxx_attributes
    Feature record: CXX_FEATURE:1cxx_attribute_deprecated
    Feature record: CXX_FEATURE:1cxx_auto_type
    Feature record: CXX_FEATURE:1cxx_binary_literals
    Feature record: CXX_FEATURE:1cxx_constexpr
    Feature record: CXX_FEATURE:1cxx_contextual_conversions
    Feature record: CXX_FEATURE:1cxx_decltype
    Feature record: CXX_FEATURE:1cxx_decltype_auto
    Feature record: CXX_FEATURE:1cxx_decltype_incomplete_return_types
    Feature record: CXX_FEATURE:1cxx_default_function_template_args
    Feature record: CXX_FEATURE:1cxx_defaulted_functions
    Feature record: CXX_FEATURE:1cxx_defaulted_move_initializers
    Feature record: CXX_FEATURE:1cxx_delegating_constructors
    Feature record: CXX_FEATURE:1cxx_deleted_functions
    Feature record: CXX_FEATURE:1cxx_digit_separators
    Feature record: CXX_FEATURE:1cxx_enum_forward_declarations
    Feature record: CXX_FEATURE:1cxx_explicit_conversions
    Feature record: CXX_FEATURE:1cxx_extended_friend_declarations
    Feature record: CXX_FEATURE:1cxx_extern_templates
    Feature record: CXX_FEATURE:1cxx_final
    Feature record: CXX_FEATURE:1cxx_func_identifier
    Feature record: CXX_FEATURE:1cxx_generalized_initializers
    Feature record: CXX_FEATURE:1cxx_generic_lambdas
    Feature record: CXX_FEATURE:1cxx_inheriting_constructors
    Feature record: CXX_FEATURE:1cxx_inline_namespaces
    Feature record: CXX_FEATURE:1cxx_lambdas
    Feature record: CXX_FEATURE:1cxx_lambda_init_captures
    Feature record: CXX_FEATURE:1cxx_local_type_template_args
    Feature record: CXX_FEATURE:1cxx_long_long_type
    Feature record: CXX_FEATURE:1cxx_noexcept
    Feature record: CXX_FEATURE:1cxx_nonstatic_member_init
    Feature record: CXX_FEATURE:1cxx_nullptr
    Feature record: CXX_FEATURE:1cxx_override
    Feature record: CXX_FEATURE:1cxx_range_for
    Feature record: CXX_FEATURE:1cxx_raw_string_literals
    Feature record: CXX_FEATURE:1cxx_reference_qualified_functions
    Feature record: CXX_FEATURE:1cxx_relaxed_constexpr
    Feature record: CXX_FEATURE:1cxx_return_type_deduction
    Feature record: CXX_FEATURE:1cxx_right_angle_brackets
    Feature record: CXX_FEATURE:1cxx_rvalue_references
    Feature record: CXX_FEATURE:1cxx_sizeof_member
    Feature record: CXX_FEATURE:1cxx_static_assert
    Feature record: CXX_FEATURE:1cxx_strong_enums
    Feature record: CXX_FEATURE:1cxx_template_template_parameters
    Feature record: CXX_FEATURE:1cxx_thread_local
    Feature record: CXX_FEATURE:1cxx_trailing_return_types
    Feature record: CXX_FEATURE:1cxx_unicode_literals
    Feature record: CXX_FEATURE:1cxx_uniform_initialization
    Feature record: CXX_FEATURE:1cxx_unrestricted_unions
    Feature record: CXX_FEATURE:1cxx_user_literals
    Feature record: CXX_FEATURE:1cxx_variable_templates
    Feature record: CXX_FEATURE:1cxx_variadic_macros
    Feature record: CXX_FEATURE:1cxx_variadic_templates


Detecting CXX [-std=c++14] compiler features compiled with the following output:
Change Dir: /home/odroid/projects/nevangeliou_GapterUAV/build/vrpn_relay/CMakeFiles/CMakeTmp

Run Build Command:"/usr/bin/make" "cmTC_efdab/fast"
/usr/bin/make -f CMakeFiles/cmTC_efdab.dir/build.make CMakeFiles/cmTC_efdab.dir/build
make[1]: Entering directory '/home/odroid/projects/nevangeliou_GapterUAV/build/vrpn_relay/CMakeFiles/CMakeTmp'
Building CXX object CMakeFiles/cmTC_efdab.dir/feature_tests.cxx.o
/usr/bin/c++    -std=c++14 -o CMakeFiles/cmTC_efdab.dir/feature_tests.cxx.o -c /home/odroid/projects/nevangeliou_GapterUAV/build/vrpn_relay/CMakeFiles/feature_tests.cxx
Linking CXX executable cmTC_efdab
/usr/bin/cmake -E cmake_link_script CMakeFiles/cmTC_efdab.dir/link.txt --verbose=1
/usr/bin/c++       -rdynamic CMakeFiles/cmTC_efdab.dir/feature_tests.cxx.o  -o cmTC_efdab 
make[1]: Leaving directory '/home/odroid/projects/nevangeliou_GapterUAV/build/vrpn_relay/CMakeFiles/CMakeTmp'


    Feature record: CXX_FEATURE:1cxx_aggregate_default_initializers
    Feature record: CXX_FEATURE:1cxx_alias_templates
    Feature record: CXX_FEATURE:1cxx_alignas
    Feature record: CXX_FEATURE:1cxx_alignof
    Feature record: CXX_FEATURE:1cxx_attributes
    Feature record: CXX_FEATURE:1cxx_attribute_deprecated
    Feature record: CXX_FEATURE:1cxx_auto_type
    Feature record: CXX_FEATURE:1cxx_binary_literals
    Feature record: CXX_FEATURE:1cxx_constexpr
    Feature record: CXX_FEATURE:1cxx_contextual_conversions
    Feature record: CXX_FEATURE:1cxx_decltype
    Feature record: CXX_FEATURE:1cxx_decltype_auto
    Feature record: CXX_FEATURE:1cxx_decltype_incomplete_return_types
    Feature record: CXX_FEATURE:1cxx_default_function_template_args
    Feature record: CXX_FEATURE:1cxx_defaulted_functions
    Feature record: CXX_FEATURE:1cxx_defaulted_move_initializers
    Feature record: CXX_FEATURE:1cxx_delegating_constructors
    Feature record: CXX_FEATURE:1cxx_deleted_functions
    Feature record: CXX_FEATURE:1cxx_digit_separators
    Feature record: CXX_FEATURE:1cxx_enum_forward_declarations
    Feature record: CXX_FEATURE:1cxx_explicit_conversions
    Feature record: CXX_FEATURE:1cxx_extended_friend_declarations
    Feature record: CXX_FEATURE:1cxx_extern_templates
    Feature record: CXX_FEATURE:1cxx_final
    Feature record: CXX_FEATURE:1cxx_func_identifier
    Feature record: CXX_FEATURE:1cxx_generalized_initializers
    Feature record: CXX_FEATURE:1cxx_generic_lambdas
    Feature record: CXX_FEATURE:1cxx_inheriting_constructors
    Feature record: CXX_FEATURE:1cxx_inline_namespaces
    Feature record: CXX_FEATURE:1cxx_lambdas
    Feature record: CXX_FEATURE:1cxx_lambda_init_captures
    Feature record: CXX_FEATURE:1cxx_local_type_template_args
    Feature record: CXX_FEATURE:1cxx_long_long_type
    Feature record: CXX_FEATURE:1cxx_noexcept
    Feature record: CXX_FEATURE:1cxx_nonstatic_member_init
    Feature record: CXX_FEATURE:1cxx_nullptr
    Feature record: CXX_FEATURE:1cxx_override
    Feature record: CXX_FEATURE:1cxx_range_for
    Feature record: CXX_FEATURE:1cxx_raw_string_literals
    Feature record: CXX_FEATURE:1cxx_reference_qualified_functions
    Feature record: CXX_FEATURE:1cxx_relaxed_constexpr
    Feature record: CXX_FEATURE:1cxx_return_type_deduction
    Feature record: CXX_FEATURE:1cxx_right_angle_brackets
    Feature record: CXX_FEATURE:1cxx_rvalue_references
    Feature record: CXX_FEATURE:1cxx_sizeof_member
    Feature record: CXX_FEATURE:1cxx_static_assert
    Feature record: CXX_FEATURE:1cxx_strong_enums
    Feature record: CXX_FEATURE:1cxx_template_template_parameters
    Feature record: CXX_FEATURE:1cxx_thread_local
    Feature record: CXX_FEATURE:1cxx_trailing_return_types
    Feature record: CXX_FEATURE:1cxx_unicode_literals
    Feature record: CXX_FEATURE:1cxx_uniform_initialization
    Feature record: CXX_FEATURE:1cxx_unrestricted_unions
    Feature record: CXX_FEATURE:1cxx_user_literals
    Feature record: CXX_FEATURE:1cxx_variable_templates
    Feature record: CXX_FEATURE:1cxx_variadic_macros
    Feature record: CXX_FEATURE:1cxx_variadic_templates


Detecting CXX [-std=c++11] compiler features compiled with the following output:
Change Dir: /home/odroid/projects/nevangeliou_GapterUAV/build/vrpn_relay/CMakeFiles/CMakeTmp

Run Build Command:"/usr/bin/make" "cmTC_8a640/fast"
/usr/bin/make -f CMakeFiles/cmTC_8a640.dir/build.make CMakeFiles/cmTC_8a640.dir/build
make[1]: Entering directory '/home/odroid/projects/nevangeliou_GapterUAV/build/vrpn_relay/CMakeFiles/CMakeTmp'
Building CXX object CMakeFiles/cmTC_8a640.dir/feature_tests.cxx.o
/usr/bin/c++    -std=c++11 -o CMakeFiles/cmTC_8a640.dir/feature_tests.cxx.o -c /home/odroid/projects/nevangeliou_GapterUAV/build/vrpn_relay/CMakeFiles/feature_tests.cxx
Linking CXX executable cmTC_8a640
/usr/bin/cmake -E cmake_link_script CMakeFiles/cmTC_8a640.dir/link.txt --verbose=1
/usr/bin/c++       -rdynamic CMakeFiles/cmTC_8a640.dir/feature_tests.cxx.o  -o cmTC_8a640 
make[1]: Leaving directory '/home/odroid/projects/nevangeliou_GapterUAV/build/vrpn_relay/CMakeFiles/CMakeTmp'


    Feature record: CXX_FEATURE:0cxx_aggregate_default_initializers
    Feature record: CXX_FEATURE:1cxx_alias_templates
    Feature record: CXX_FEATURE:1cxx_alignas
    Feature record: CXX_FEATURE:1cxx_alignof
    Feature record: CXX_FEATURE:1cxx_attributes
    Feature record: CXX_FEATURE:0cxx_attribute_deprecated
    Feature record: CXX_FEATURE:1cxx_auto_type
    Feature record: CXX_FEATURE:0cxx_binary_literals
    Feature record: CXX_FEATURE:1cxx_constexpr
    Feature record: CXX_FEATURE:0cxx_contextual_conversions
    Feature record: CXX_FEATURE:1cxx_decltype
    Feature record: CXX_FEATURE:0cxx_decltype_auto
    Feature record: CXX_FEATURE:1cxx_decltype_incomplete_return_types
    Feature record: CXX_FEATURE:1cxx_default_function_template_args
    Feature record: CXX_FEATURE:1cxx_defaulted_functions
    Feature record: CXX_FEATURE:1cxx_defaulted_move_initializers
    Feature record: CXX_FEATURE:1cxx_delegating_constructors
    Feature record: CXX_FEATURE:1cxx_deleted_functions
    Feature record: CXX_FEATURE:0cxx_digit_separators
    Feature record: CXX_FEATURE:1cxx_enum_forward_declarations
    Feature record: CXX_FEATURE:1cxx_explicit_conversions
    Feature record: CXX_FEATURE:1cxx_extended_friend_declarations
    Feature record: CXX_FEATURE:1cxx_extern_templates
    Feature record: CXX_FEATURE:1cxx_final
    Feature record: CXX_FEATURE:1cxx_func_identifier
    Feature record: CXX_FEATURE:1cxx_generalized_initializers
    Feature record: CXX_FEATURE:0cxx_generic_lambdas
    Feature record: CXX_FEATURE:1cxx_inheriting_constructors
    Feature record: CXX_FEATURE:1cxx_inline_namespaces
    Feature record: CXX_FEATURE:1cxx_lambdas
    Feature record: CXX_FEATURE:0cxx_lambda_init_captures
    Feature record: CXX_FEATURE:1cxx_local_type_template_args
    Feature record: CXX_FEATURE:1cxx_long_long_type
    Feature record: CXX_FEATURE:1cxx_noexcept
    Feature record: CXX_FEATURE:1cxx_nonstatic_member_init
    Feature record: CXX_FEATURE:1cxx_nullptr
    Feature record: CXX_FEATURE:1cxx_override
    Feature record: CXX_FEATURE:1cxx_range_for
    Feature record: CXX_FEATURE:1cxx_raw_string_literals
    Feature record: CXX_FEATURE:1cxx_reference_qualified_functions
    Feature record: CXX_FEATURE:0cxx_relaxed_constexpr
    Feature record: CXX_FEATURE:0cxx_return_type_deduction
    Feature record: CXX_FEATURE:1cxx_right_angle_brackets
    Feature record: CXX_FEATURE:1cxx_rvalue_references
    Feature record: CXX_FEATURE:1cxx_sizeof_member
    Feature record: CXX_FEATURE:1cxx_static_assert
    Feature record: CXX_FEATURE:1cxx_strong_enums
    Feature record: CXX_FEATURE:1cxx_template_template_parameters
    Feature record: CXX_FEATURE:1cxx_thread_local
    Feature record: CXX_FEATURE:1cxx_trailing_return_types
    Feature record: CXX_FEATURE:1cxx_unicode_literals
    Feature record: CXX_FEATURE:1cxx_uniform_initialization
    Feature record: CXX_FEATURE:1cxx_unrestricted_unions
    Feature record: CXX_FEATURE:1cxx_user_literals
    Feature record: CXX_FEATURE:0cxx_variable_templates
    Feature record: CXX_FEATURE:1cxx_variadic_macros
    Feature record: CXX_FEATURE:1cxx_variadic_templates


Detecting CXX [-std=c++98] compiler features compiled with the following output:
Change Dir: /home/odroid/projects/nevangeliou_GapterUAV/build/vrpn_relay/CMakeFiles/CMakeTmp

Run Build Command:"/usr/bin/make" "cmTC_10950/fast"
/usr/bin/make -f CMakeFiles/cmTC_10950.dir/build.make CMakeFiles/cmTC_10950.dir/build
make[1]: Entering directory '/home/odroid/projects/nevangeliou_GapterUAV/build/vrpn_relay/CMakeFiles/CMakeTmp'
Building CXX object CMakeFiles/cmTC_10950.dir/feature_tests.cxx.o
/usr/bin/c++    -std=c++98 -o CMakeFiles/cmTC_10950.dir/feature_tests.cxx.o -c /home/odroid/projects/nevangeliou_GapterUAV/build/vrpn_relay/CMakeFiles/feature_tests.cxx
Linking CXX executable cmTC_10950
/usr/bin/cmake -E cmake_link_script CMakeFiles/cmTC_10950.dir/link.txt --verbose=1
/usr/bin/c++       -rdynamic CMakeFiles/cmTC_10950.dir/feature_tests.cxx.o  -o cmTC_10950 
make[1]: Leaving directory '/home/odroid/projects/nevangeliou_GapterUAV/build/vrpn_relay/CMakeFiles/CMakeTmp'


    Feature record: CXX_FEATURE:0cxx_aggregate_default_initializers
    Feature record: CXX_FEATURE:0cxx_alias_templates
    Feature record: CXX_FEATURE:0cxx_alignas
    Feature record: CXX_FEATURE:0cxx_alignof
    Feature record: CXX_FEATURE:0cxx_attributes
    Feature record: CXX_FEATURE:0cxx_attribute_deprecated
    Feature record: CXX_FEATURE:0cxx_auto_type
    Feature record: CXX_FEATURE:0cxx_binary_literals
    Feature record: CXX_FEATURE:0cxx_constexpr
    Feature record: CXX_FEATURE:0cxx_contextual_conversions
    Feature record: CXX_FEATURE:0cxx_decltype
    Feature record: CXX_FEATURE:0cxx_decltype_auto
    Feature record: CXX_FEATURE:0cxx_decltype_incomplete_return_types
    Feature record: CXX_FEATURE:0cxx_default_function_template_args
    Feature record: CXX_FEATURE:0cxx_defaulted_functions
    Feature record: CXX_FEATURE:0cxx_defaulted_move_initializers
    Feature record: CXX_FEATURE:0cxx_delegating_constructors
    Feature record: CXX_FEATURE:0cxx_deleted_functions
    Feature record: CXX_FEATURE:0cxx_digit_separators
    Feature record: CXX_FEATURE:0cxx_enum_forward_declarations
    Feature record: CXX_FEATURE:0cxx_explicit_conversions
    Feature record: CXX_FEATURE:0cxx_extended_friend_declarations
    Feature record: CXX_FEATURE:0cxx_extern_templates
    Feature record: CXX_FEATURE:0cxx_final
    Feature record: CXX_FEATURE:0cxx_func_identifier
    Feature record: CXX_FEATURE:0cxx_generalized_initializers
    Feature record: CXX_FEATURE:0cxx_generic_lambdas
    Feature record: CXX_FEATURE:0cxx_inheriting_constructors
    Feature record: CXX_FEATURE:0cxx_inline_namespaces
    Feature record: CXX_FEATURE:0cxx_lambdas
    Feature record: CXX_FEATURE:0cxx_lambda_init_captures
    Feature record: CXX_FEATURE:0cxx_local_type_template_args
    Feature record: CXX_FEATURE:0cxx_long_long_type
    Feature record: CXX_FEATURE:0cxx_noexcept
    Feature record: CXX_FEATURE:0cxx_nonstatic_member_init
    Feature record: CXX_FEATURE:0cxx_nullptr
    Feature record: CXX_FEATURE:0cxx_override
    Feature record: CXX_FEATURE:0cxx_range_for
    Feature record: CXX_FEATURE:0cxx_raw_string_literals
    Feature record: CXX_FEATURE:0cxx_reference_qualified_functions
    Feature record: CXX_FEATURE:0cxx_relaxed_constexpr
    Feature record: CXX_FEATURE:0cxx_return_type_deduction
    Feature record: CXX_FEATURE:0cxx_right_angle_brackets
    Feature record: CXX_FEATURE:0cxx_rvalue_references
    Feature record: CXX_FEATURE:0cxx_sizeof_member
    Feature record: CXX_FEATURE:0cxx_static_assert
    Feature record: CXX_FEATURE:0cxx_strong_enums
    Feature record: CXX_FEATURE:1cxx_template_template_parameters
    Feature record: CXX_FEATURE:0cxx_thread_local
    Feature record: CXX_FEATURE:0cxx_trailing_return_types
    Feature record: CXX_FEATURE:0cxx_unicode_literals
    Feature record: CXX_FEATURE:0cxx_uniform_initialization
    Feature record: CXX_FEATURE:0cxx_unrestricted_unions
    Feature record: CXX_FEATURE:0cxx_user_literals
    Feature record: CXX_FEATURE:0cxx_variable_templates
    Feature record: CXX_FEATURE:0cxx_variadic_macros
    Feature record: CXX_FEATURE:0cxx_variadic_templates
Determining if the include file pthread.h exists passed with the following output:
Change Dir: /home/odroid/projects/nevangeliou_GapterUAV/build/vrpn_relay/CMakeFiles/CMakeTmp

Run Build Command:"/usr/bin/make" "cmTC_df6ce/fast"
/usr/bin/make -f CMakeFiles/cmTC_df6ce.dir/build.make CMakeFiles/cmTC_df6ce.dir/build
make[1]: Entering directory '/home/odroid/projects/nevangeliou_GapterUAV/build/vrpn_relay/CMakeFiles/CMakeTmp'
Building C object CMakeFiles/cmTC_df6ce.dir/CheckIncludeFile.c.o
/usr/bin/cc    -o CMakeFiles/cmTC_df6ce.dir/CheckIncludeFile.c.o   -c /home/odroid/projects/nevangeliou_GapterUAV/build/vrpn_relay/CMakeFiles/CMakeTmp/CheckIncludeFile.c
Linking C executable cmTC_df6ce
/usr/bin/cmake -E cmake_link_script CMakeFiles/cmTC_df6ce.dir/link.txt --verbose=1
/usr/bin/cc      -rdynamic CMakeFiles/cmTC_df6ce.dir/CheckIncludeFile.c.o  -o cmTC_df6ce 
make[1]: Leaving directory '/home/odroid/projects/nevangeliou_GapterUAV/build/vrpn_relay/CMakeFiles/CMakeTmp'


Determining if the function pthread_create exists in the pthread passed with the following output:
Change Dir: /home/odroid/projects/nevangeliou_GapterUAV/build/vrpn_relay/CMakeFiles/CMakeTmp

Run Build Command:"/usr/bin/make" "cmTC_1bbb9/fast"
/usr/bin/make -f CMakeFiles/cmTC_1bbb9.dir/build.make CMakeFiles/cmTC_1bbb9.dir/build
make[1]: Entering directory '/home/odroid/projects/nevangeliou_GapterUAV/build/vrpn_relay/CMakeFiles/CMakeTmp'
Building C object CMakeFiles/cmTC_1bbb9.dir/CheckFunctionExists.c.o
/usr/bin/cc   -DCHECK_FUNCTION_EXISTS=pthread_create   -o CMakeFiles/cmTC_1bbb9.dir/CheckFunctionExists.c.o   -c /usr/share/cmake-3.10/Modules/CheckFunctionExists.c
Linking C executable cmTC_1bbb9
/usr/bin/cmake -E cmake_link_script CMakeFiles/cmTC_1bbb9.dir/link.txt --verbose=1
/usr/bin/cc  -DCHECK_FUNCTION_EXISTS=pthread_create    -rdynamic CMakeFiles/cmTC_1bbb9.dir/CheckFunctionExists.c.o  -o cmTC_1bbb9 -lpthread 
make[1]: Leaving directory '/home/odroid/projects/nevangeliou_GapterUAV/build/vrpn_relay/CMakeFiles/CMakeTmp'


